debug: Logging durch Winston ist konfiguriert: Level Info {"timestamp":"2019-04-29T11:24:16.786Z"}
debug: Logging durch Winston ist konfiguriert: Level Info {"timestamp":"2019-04-29T11:24:28.974Z"}
debug: Logging durch Winston ist konfiguriert: Level Info {"timestamp":"2019-04-29T11:24:30.304Z"}
debug: Logging durch Winston ist konfiguriert: Level Info {"timestamp":"2019-04-29T11:24:31.618Z"}
debug: Logging durch Winston ist konfiguriert: Level Info {"timestamp":"2019-04-29T11:24:23.902Z"}
debug: 
 {"timestamp":"2019-04-29T11:24:39.598Z"}
debug: Test-Id: undefined {"timestamp":"2019-04-29T11:24:39.598Z"}
debug: 
 {"timestamp":"2019-04-29T11:24:39.607Z"}
debug: Test-Id: undefined {"timestamp":"2019-04-29T11:24:39.607Z"}
error: Post game was not succesful due to wrong data {"timestamp":"2019-04-29T11:24:39.924Z"}
error: No Game to update {"timestamp":"2019-04-29T11:24:39.944Z"}
error: Update game failed, wrong arguments {"timestamp":"2019-04-29T11:24:39.949Z"}
error: Update game Error while trying to update: {} {"timestamp":"2019-04-29T11:24:39.951Z"}
error: Findbyid seller did not find a seller! {"timestamp":"2019-04-29T11:24:39.969Z"}
error: Findbyid test Error: {} {"timestamp":"2019-04-29T11:24:39.971Z"}
error: Post seller didnt work due to wrong arguments {"timestamp":"2019-04-29T11:24:40.239Z"}
error: Update seller did not find a seller! {"timestamp":"2019-04-29T11:24:40.251Z"}
error: Update seller failed because unprocessable arguments were passed! {"timestamp":"2019-04-29T11:24:40.256Z"}
error: Update seller Error while trying to update: {} {"timestamp":"2019-04-29T11:24:40.257Z"}
error: No Game found {"timestamp":"2019-04-29T11:24:40.273Z"}
error: Findbyid test Error: {} {"timestamp":"2019-04-29T11:24:40.275Z"}
error: findbyanything did not find entries: {"timestamp":"2019-04-29T11:24:40.301Z"}
debug: Logging durch Winston ist konfiguriert: Level Info {"timestamp":"2019-04-29T11:26:19.708Z"}
debug: Logging durch Winston ist konfiguriert: Level Info {"timestamp":"2019-04-29T11:26:20.981Z"}
debug: Logging durch Winston ist konfiguriert: Level Info {"timestamp":"2019-04-29T11:26:22.326Z"}
debug: Logging durch Winston ist konfiguriert: Level Info {"timestamp":"2019-04-29T11:26:15.994Z"}
debug: 
 {"timestamp":"2019-04-29T11:26:30.046Z"}
debug: Test-Id: undefined {"timestamp":"2019-04-29T11:26:30.046Z"}
debug: 
 {"timestamp":"2019-04-29T11:26:30.054Z"}
debug: Test-Id: undefined {"timestamp":"2019-04-29T11:26:30.054Z"}
error: Post game was not succesful due to wrong data {"timestamp":"2019-04-29T11:26:30.360Z"}
error: No Game to update {"timestamp":"2019-04-29T11:26:30.379Z"}
error: Update game failed, wrong arguments {"timestamp":"2019-04-29T11:26:30.387Z"}
error: Update game Error while trying to update: {} {"timestamp":"2019-04-29T11:26:30.390Z"}
error: Findbyid seller did not find a seller! {"timestamp":"2019-04-29T11:26:30.410Z"}
error: Findbyid test Error: {} {"timestamp":"2019-04-29T11:26:30.415Z"}
error: Post seller didnt work due to wrong arguments {"timestamp":"2019-04-29T11:26:30.691Z"}
error: Update seller did not find a seller! {"timestamp":"2019-04-29T11:26:30.704Z"}
error: Update seller failed because unprocessable arguments were passed! {"timestamp":"2019-04-29T11:26:30.712Z"}
error: Update seller Error while trying to update: {} {"timestamp":"2019-04-29T11:26:30.714Z"}
error: No Game found {"timestamp":"2019-04-29T11:26:30.733Z"}
error: Findbyid test Error: {} {"timestamp":"2019-04-29T11:26:30.735Z"}
error: findbyanything did not find entries: {"timestamp":"2019-04-29T11:26:30.765Z"}
